[    27.516] (--) Log file renamed from "/home/corenetwork/.local/share/xorg/Xorg.pid-3549.log" to "/home/corenetwork/.local/share/xorg/Xorg.0.log"
[    27.516] 
X.Org X Server 1.20.8
X Protocol Version 11, Revision 0
[    27.516] Build Operating System: Linux 4.15.0-140-generic x86_64 Ubuntu
[    27.516] Current Operating System: Linux ubuntu 5.4.0-84-generic #94~18.04.1-Ubuntu SMP Thu Aug 26 23:17:46 UTC 2021 x86_64
[    27.516] Kernel command line: BOOT_IMAGE=/boot/vmlinuz-5.4.0-84-generic root=UUID=236deda0-b9fb-44d7-9588-82b25dacc1fc ro find_preseed=/preseed.cfg auto noprompt priority=critical locale=en_US quiet
[    27.516] Build Date: 08 April 2021  01:40:27PM
[    27.516] xorg-server-hwe-18.04 2:1.20.8-2ubuntu2.2~18.04.5 (For technical support please see http://www.ubuntu.com/support) 
[    27.516] Current version of pixman: 0.34.0
[    27.516] 	Before reporting problems, check http://wiki.x.org
	to make sure that you have the latest version.
[    27.516] Markers: (--) probed, (**) from config file, (==) default setting,
	(++) from command line, (!!) notice, (II) informational,
	(WW) warning, (EE) error, (NI) not implemented, (??) unknown.
[    27.516] (==) Log file: "/home/corenetwork/.local/share/xorg/Xorg.0.log", Time: Mon Mar 21 23:01:33 2022
[    27.517] (==) Using system config directory "/usr/share/X11/xorg.conf.d"
[    27.518] (==) No Layout section.  Using the first Screen section.
[    27.518] (==) No screen section available. Using defaults.
[    27.518] (**) |-->Screen "Default Screen Section" (0)
[    27.518] (**) |   |-->Monitor "<default monitor>"
[    27.518] (==) No monitor specified for screen "Default Screen Section".
	Using a default monitor configuration.
[    27.518] (==) Automatically adding devices
[    27.518] (==) Automatically enabling devices
[    27.518] (==) Automatically adding GPU devices
[    27.518] (==) Automatically binding GPU devices
[    27.518] (==) Max clients allowed: 256, resource mask: 0x1fffff
[    27.518] (WW) The directory "/usr/share/fonts/X11/cyrillic" does not exist.
[    27.518] 	Entry deleted from font path.
[    27.518] (WW) The directory "/usr/share/fonts/X11/100dpi/" does not exist.
[    27.518] 	Entry deleted from font path.
[    27.518] (WW) The directory "/usr/share/fonts/X11/75dpi/" does not exist.
[    27.518] 	Entry deleted from font path.
[    27.518] (WW) The directory "/usr/share/fonts/X11/100dpi" does not exist.
[    27.518] 	Entry deleted from font path.
[    27.518] (WW) The directory "/usr/share/fonts/X11/75dpi" does not exist.
[    27.518] 	Entry deleted from font path.
[    27.518] (==) FontPath set to:
	/usr/share/fonts/X11/misc,
	/usr/share/fonts/X11/Type1,
	built-ins
[    27.518] (==) ModulePath set to "/usr/lib/xorg/modules"
[    27.518] (II) The server relies on udev to provide the list of input devices.
	If no devices become available, reconfigure udev or disable AutoAddDevices.
[    27.518] (II) Loader magic: 0x563ab9154020
[    27.518] (II) Module ABI versions:
[    27.518] 	X.Org ANSI C Emulation: 0.4
[    27.518] 	X.Org Video Driver: 24.1
[    27.518] 	X.Org XInput driver : 24.1
[    27.518] 	X.Org Server Extension : 10.0
[    27.518] (++) using VT number 2

[    27.520] (II) systemd-logind: took control of session /org/freedesktop/login1/session/_32
[    27.521] (II) xfree86: Adding drm device (/dev/dri/card0)
[    27.521] (II) systemd-logind: got fd for /dev/dri/card0 226:0 fd 12 paused 0
[    27.525] (--) PCI:*(0@0:15:0) 15ad:0405:15ad:0405 rev 0, Mem @ 0xe8000000/134217728, 0xfe000000/8388608, I/O @ 0x00001070/16, BIOS @ 0x????????/131072
[    27.525] (II) LoadModule: "glx"
[    27.525] (II) Loading /usr/lib/xorg/modules/extensions/libglx.so
[    27.528] (II) Module glx: vendor="X.Org Foundation"
[    27.528] 	compiled for 1.20.8, module version = 1.0.0
[    27.528] 	ABI class: X.Org Server Extension, version 10.0
[    27.528] (==) Matched vmware as autoconfigured driver 0
[    27.528] (==) Matched modesetting as autoconfigured driver 1
[    27.528] (==) Matched fbdev as autoconfigured driver 2
[    27.528] (==) Matched vesa as autoconfigured driver 3
[    27.528] (==) Assigned the driver to the xf86ConfigLayout
[    27.528] (II) LoadModule: "vmware"
[    27.528] (II) Loading /usr/lib/xorg/modules/drivers/vmware_drv.so
[    27.544] (II) Module vmware: vendor="X.Org Foundation"
[    27.544] 	compiled for 1.20.1, module version = 13.3.0
[    27.544] 	Module class: X.Org Video Driver
[    27.544] 	ABI class: X.Org Video Driver, version 24.0
[    27.544] (II) LoadModule: "modesetting"
[    27.544] (II) Loading /usr/lib/xorg/modules/drivers/modesetting_drv.so
[    27.545] (II) Module modesetting: vendor="X.Org Foundation"
[    27.545] 	compiled for 1.20.8, module version = 1.20.8
[    27.545] 	Module class: X.Org Video Driver
[    27.545] 	ABI class: X.Org Video Driver, version 24.1
[    27.545] (II) LoadModule: "fbdev"
[    27.545] (II) Loading /usr/lib/xorg/modules/drivers/fbdev_drv.so
[    27.546] (II) Module fbdev: vendor="X.Org Foundation"
[    27.546] 	compiled for 1.20.1, module version = 0.5.0
[    27.546] 	Module class: X.Org Video Driver
[    27.546] 	ABI class: X.Org Video Driver, version 24.0
[    27.546] (II) LoadModule: "vesa"
[    27.546] (II) Loading /usr/lib/xorg/modules/drivers/vesa_drv.so
[    27.546] (II) Module vesa: vendor="X.Org Foundation"
[    27.546] 	compiled for 1.20.1, module version = 2.4.0
[    27.546] 	Module class: X.Org Video Driver
[    27.546] 	ABI class: X.Org Video Driver, version 24.0
[    27.546] (II) vmware: driver for VMware SVGA: vmware0405, vmware0710
[    27.546] (II) modesetting: Driver for Modesetting Kernel Drivers: kms
[    27.546] (II) FBDEV: driver for framebuffer: fbdev
[    27.546] (II) VESA: driver for VESA chipsets: vesa
[    27.546] xf86EnableIOPorts: failed to set IOPL for I/O (Operation not permitted)
[    27.546] (WW) Falling back to old probe method for modesetting
[    27.546] (WW) Falling back to old probe method for fbdev
[    27.546] (II) Loading sub module "fbdevhw"
[    27.546] (II) LoadModule: "fbdevhw"
[    27.547] (II) Loading /usr/lib/xorg/modules/libfbdevhw.so
[    27.547] (II) Module fbdevhw: vendor="X.Org Foundation"
[    27.547] 	compiled for 1.20.8, module version = 0.0.2
[    27.547] 	ABI class: X.Org Video Driver, version 24.1
[    27.547] (EE) open /dev/fb0: Permission denied
[    27.547] (WW) VGA arbiter: cannot open kernel arbiter, no multi-card support
[    27.547] (II) vmware(0): Creating default Display subsection in Screen section
	"Default Screen Section" for depth/fbbpp 24/32
[    27.547] (--) vmware(0): DRM driver version is 2.15.0
[    27.547] (==) vmware(0): Depth 24, (--) framebuffer bpp 32
[    27.547] (==) vmware(0): RGB weight 888
[    27.547] (==) vmware(0): Default visual is TrueColor
[    27.547] (--) vmware(0): Min width 1, Max Width 16384.
[    27.547] (--) vmware(0): Min height 1, Max Height 16384.
[    27.547] (II) vmware(0): Output Virtual1 has no monitor section
[    27.547] (II) vmware(0): Output Virtual2 has no monitor section
[    27.547] (II) vmware(0): Output Virtual3 has no monitor section
[    27.548] (II) vmware(0): Output Virtual4 has no monitor section
[    27.548] (II) vmware(0): Output Virtual5 has no monitor section
[    27.548] (II) vmware(0): Output Virtual6 has no monitor section
[    27.548] (II) vmware(0): Output Virtual7 has no monitor section
[    27.548] (II) vmware(0): Output Virtual8 has no monitor section
[    27.548] (II) vmware(0): Printing probed modes for output Virtual1
[    27.548] (II) vmware(0): Modeline "1718x868"x60.0  114.10  1718 1768 1818 1868  868 918 968 1018 -hsync +vsync (61.1 kHz eP)
[    27.548] (II) vmware(0): Modeline "2560x1600"x60.0  348.50  2560 2752 3032 3504  1600 1603 1609 1658 -hsync +vsync (99.5 kHz e)
[    27.548] (II) vmware(0): Modeline "1920x1440"x60.0  234.00  1920 2048 2256 2600  1440 1441 1444 1500 -hsync +vsync (90.0 kHz e)
[    27.548] (II) vmware(0): Modeline "1856x1392"x60.0  218.25  1856 1952 2176 2528  1392 1393 1396 1439 -hsync +vsync (86.3 kHz e)
[    27.548] (II) vmware(0): Modeline "1792x1344"x60.0  204.75  1792 1920 2120 2448  1344 1345 1348 1394 -hsync +vsync (83.6 kHz e)
[    27.548] (II) vmware(0): Modeline "1920x1200"x59.9  193.25  1920 2056 2256 2592  1200 1203 1209 1245 -hsync +vsync (74.6 kHz e)
[    27.548] (II) vmware(0): Modeline "1600x1200"x60.0  162.00  1600 1664 1856 2160  1200 1201 1204 1250 +hsync +vsync (75.0 kHz e)
[    27.548] (II) vmware(0): Modeline "1680x1050"x60.0  146.25  1680 1784 1960 2240  1050 1053 1059 1089 -hsync +vsync (65.3 kHz e)
[    27.548] (II) vmware(0): Modeline "1400x1050"x60.0  121.75  1400 1488 1632 1864  1050 1053 1057 1089 -hsync +vsync (65.3 kHz e)
[    27.548] (II) vmware(0): Modeline "1280x1024"x60.0  108.00  1280 1328 1440 1688  1024 1025 1028 1066 +hsync +vsync (64.0 kHz e)
[    27.548] (II) vmware(0): Modeline "1440x900"x59.9  106.50  1440 1520 1672 1904  900 903 909 934 -hsync +vsync (55.9 kHz e)
[    27.548] (II) vmware(0): Modeline "1280x960"x60.0  108.00  1280 1376 1488 1800  960 961 964 1000 +hsync +vsync (60.0 kHz e)
[    27.548] (II) vmware(0): Modeline "1360x768"x60.0   85.50  1360 1424 1536 1792  768 771 777 795 +hsync +vsync (47.7 kHz e)
[    27.548] (II) vmware(0): Modeline "1280x800"x59.8   83.50  1280 1352 1480 1680  800 803 809 831 +hsync -vsync (49.7 kHz e)
[    27.548] (II) vmware(0): Modeline "1152x864"x75.0  108.00  1152 1216 1344 1600  864 865 868 900 +hsync +vsync (67.5 kHz e)
[    27.548] (II) vmware(0): Modeline "1280x768"x59.9   79.50  1280 1344 1472 1664  768 771 778 798 -hsync +vsync (47.8 kHz e)
[    27.548] (II) vmware(0): Modeline "1024x768"x60.0   65.00  1024 1048 1184 1344  768 771 777 806 -hsync -vsync (48.4 kHz e)
[    27.548] (II) vmware(0): Modeline "800x600"x60.3   40.00  800 840 968 1056  600 601 605 628 +hsync +vsync (37.9 kHz e)
[    27.548] (II) vmware(0): Modeline "640x480"x59.9   25.18  640 656 752 800  480 489 492 525 -hsync -vsync (31.5 kHz e)
[    27.548] (II) vmware(0): EDID for output Virtual2
[    27.548] (II) vmware(0): EDID for output Virtual3
[    27.548] (II) vmware(0): EDID for output Virtual4
[    27.548] (II) vmware(0): EDID for output Virtual5
[    27.548] (II) vmware(0): EDID for output Virtual6
[    27.548] (II) vmware(0): EDID for output Virtual7
[    27.548] (II) vmware(0): EDID for output Virtual8
[    27.548] (II) vmware(0): Output Virtual1 connected
[    27.548] (II) vmware(0): Output Virtual2 disconnected
[    27.548] (II) vmware(0): Output Virtual3 disconnected
[    27.548] (II) vmware(0): Output Virtual4 disconnected
[    27.548] (II) vmware(0): Output Virtual5 disconnected
[    27.548] (II) vmware(0): Output Virtual6 disconnected
[    27.548] (II) vmware(0): Output Virtual7 disconnected
[    27.548] (II) vmware(0): Output Virtual8 disconnected
[    27.548] (II) vmware(0): Using exact sizes for initial modes
[    27.548] (II) vmware(0): Output Virtual1 using initial mode 1718x868 +0+0
[    27.548] (==) vmware(0): DPI set to (96, 96)
[    27.548] (==) vmware(0): Using gamma correction (1.0, 1.0, 1.0)
[    27.548] (II) Loading sub module "fb"
[    27.548] (II) LoadModule: "fb"
[    27.548] (II) Loading /usr/lib/xorg/modules/libfb.so
[    27.549] (II) Module fb: vendor="X.Org Foundation"
[    27.549] 	compiled for 1.20.8, module version = 1.0.0
[    27.549] 	ABI class: X.Org ANSI C Emulation, version 0.4
[    27.549] (II) Loading sub module "dri2"
[    27.549] (II) LoadModule: "dri2"
[    27.549] (II) Module "dri2" already built-in
[    27.549] (II) Loading sub module "dri3"
[    27.549] (II) LoadModule: "dri3"
[    27.549] (II) Module "dri3" already built-in
[    27.549] (II) UnloadModule: "modesetting"
[    27.549] (II) Unloading modesetting
[    27.549] (II) UnloadModule: "fbdev"
[    27.549] (II) Unloading fbdev
[    27.549] (II) UnloadSubModule: "fbdevhw"
[    27.549] (II) Unloading fbdevhw
[    27.549] (II) UnloadModule: "vesa"
[    27.549] (II) Unloading vesa
[    27.550] (II) vmware(0): Initialized VMWARE_CTRL extension version 0.2
[    27.565] (II) vmware(0): Gallium3D XA version: 2.5.0.
[    27.565] (II) vmware(0): Path of drm device is "/dev/dri/card0".
[    27.565] (II) vmware(0): [DRI2] Setup complete
[    27.565] (II) vmware(0): [DRI2]   DRI driver: vmwgfx
[    28.166] (--) vmware(0): Render acceleration is enabled.
[    28.166] (==) vmware(0): Rendercheck mode is disabled.
[    28.166] (--) vmware(0): Direct rendering (DRI2 3D) is enabled.
[    28.166] (--) vmware(0): Direct rendering (DRI3 3D) is enabled.
[    28.166] (==) vmware(0): Direct presents are disabled.
[    28.166] (==) vmware(0): Hardware only presents are automatic per scanout.
[    28.166] (==) vmware(0): Backing store enabled
[    28.166] (==) vmware(0): Silken mouse enabled
[    28.168] (==) vmware(0): DPMS enabled
[    28.168] (II) Initializing extension Generic Event Extension
[    28.168] (II) Initializing extension SHAPE
[    28.168] (II) Initializing extension MIT-SHM
[    28.168] (II) Initializing extension XInputExtension
[    28.169] (II) Initializing extension XTEST
[    28.169] (II) Initializing extension BIG-REQUESTS
[    28.169] (II) Initializing extension SYNC
[    28.169] (II) Initializing extension XKEYBOARD
[    28.169] (II) Initializing extension XC-MISC
[    28.169] (II) Initializing extension SECURITY
[    28.169] (II) Initializing extension XFIXES
[    28.169] (II) Initializing extension RENDER
[    28.169] (II) Initializing extension RANDR
[    28.170] (II) Initializing extension COMPOSITE
[    28.170] (II) Initializing extension DAMAGE
[    28.170] (II) Initializing extension MIT-SCREEN-SAVER
[    28.170] (II) Initializing extension DOUBLE-BUFFER
[    28.170] (II) Initializing extension RECORD
[    28.170] (II) Initializing extension DPMS
[    28.170] (II) Initializing extension Present
[    28.170] (II) Initializing extension DRI3
[    28.170] (II) Initializing extension X-Resource
[    28.170] (II) Initializing extension XVideo
[    28.170] (II) Initializing extension XVideo-MotionCompensation
[    28.170] (II) Initializing extension SELinux
[    28.170] (II) SELinux: Disabled on system
[    28.170] (II) Initializing extension GLX
[    28.182] (II) AIGLX: Loaded and initialized vmwgfx
[    28.182] (II) GLX: Initialized DRI2 GL provider for screen 0
[    28.182] (II) Initializing extension XFree86-VidModeExtension
[    28.182] (II) Initializing extension XFree86-DGA
[    28.182] (II) Initializing extension XFree86-DRI
[    28.182] (II) Initializing extension DRI2
[    28.189] (II) vmware(0): Setting screen physical size to 454 x 229
[    28.211] (II) config/udev: Adding input device Power Button (/dev/input/event0)
[    28.211] (**) Power Button: Applying InputClass "libinput keyboard catchall"
[    28.211] (II) LoadModule: "libinput"
[    28.211] (II) Loading /usr/lib/xorg/modules/input/libinput_drv.so
[    28.212] (II) Module libinput: vendor="X.Org Foundation"
[    28.212] 	compiled for 1.20.1, module version = 0.28.1
[    28.212] 	Module class: X.Org XInput Driver
[    28.212] 	ABI class: X.Org XInput driver, version 24.1
[    28.212] (II) Using input driver 'libinput' for 'Power Button'
[    28.213] (II) systemd-logind: got fd for /dev/input/event0 13:64 fd 24 paused 0
[    28.213] (**) Power Button: always reports core events
[    28.213] (**) Option "Device" "/dev/input/event0"
[    28.213] (**) Option "_source" "server/udev"
[    28.213] (II) event0  - Power Button: is tagged by udev as: Keyboard
[    28.213] (II) event0  - Power Button: device is a keyboard
[    28.213] (II) event0  - Power Button: device removed
[    28.214] (**) Option "config_info" "udev:/sys/devices/LNXSYSTM:00/LNXPWRBN:00/input/input0/event0"
[    28.214] (II) XINPUT: Adding extended input device "Power Button" (type: KEYBOARD, id 6)
[    28.214] (**) Option "xkb_model" "SKIP"
[    28.214] (**) Option "xkb_layout" "us"
[    28.226] (II) event0  - Power Button: is tagged by udev as: Keyboard
[    28.227] (II) event0  - Power Button: device is a keyboard
[    28.227] (II) config/udev: Adding input device VMware VMware Virtual USB Mouse (/dev/input/event4)
[    28.227] (**) VMware VMware Virtual USB Mouse: Applying InputClass "libinput pointer catchall"
[    28.227] (II) Using input driver 'libinput' for 'VMware VMware Virtual USB Mouse'
[    28.287] (II) systemd-logind: got fd for /dev/input/event4 13:68 fd 27 paused 0
[    28.287] (**) VMware VMware Virtual USB Mouse: always reports core events
[    28.287] (**) Option "Device" "/dev/input/event4"
[    28.287] (**) Option "_source" "server/udev"
[    28.288] (II) event4  - VMware VMware Virtual USB Mouse: is tagged by udev as: Mouse
[    28.288] (II) event4  - VMware VMware Virtual USB Mouse: device is a pointer
[    28.288] (II) event4  - VMware VMware Virtual USB Mouse: device removed
[    28.288] (**) Option "config_info" "udev:/sys/devices/pci0000:00/0000:00:11.0/0000:02:00.0/usb2/2-1/2-1:1.0/0003:0E0F:0003.0001/input/input5/event4"
[    28.288] (II) XINPUT: Adding extended input device "VMware VMware Virtual USB Mouse" (type: MOUSE, id 7)
[    28.288] (**) Option "AccelerationScheme" "none"
[    28.288] (**) VMware VMware Virtual USB Mouse: (accel) selected scheme none/0
[    28.288] (**) VMware VMware Virtual USB Mouse: (accel) acceleration factor: 2.000
[    28.288] (**) VMware VMware Virtual USB Mouse: (accel) acceleration threshold: 4
[    28.288] (II) event4  - VMware VMware Virtual USB Mouse: is tagged by udev as: Mouse
[    28.288] (II) event4  - VMware VMware Virtual USB Mouse: device is a pointer
[    28.288] (II) config/udev: Adding input device VMware VMware Virtual USB Mouse (/dev/input/mouse2)
[    28.288] (II) No input driver specified, ignoring this device.
[    28.288] (II) This device may have been added with another device file.
[    28.289] (II) config/udev: Adding input device AT Translated Set 2 keyboard (/dev/input/event1)
[    28.289] (**) AT Translated Set 2 keyboard: Applying InputClass "libinput keyboard catchall"
[    28.289] (II) Using input driver 'libinput' for 'AT Translated Set 2 keyboard'
[    28.289] (II) systemd-logind: got fd for /dev/input/event1 13:65 fd 28 paused 0
[    28.289] (**) AT Translated Set 2 keyboard: always reports core events
[    28.289] (**) Option "Device" "/dev/input/event1"
[    28.289] (**) Option "_source" "server/udev"
[    28.289] (II) event1  - AT Translated Set 2 keyboard: is tagged by udev as: Keyboard
[    28.289] (II) event1  - AT Translated Set 2 keyboard: device is a keyboard
[    28.289] (II) event1  - AT Translated Set 2 keyboard: device removed
[    28.289] (**) Option "config_info" "udev:/sys/devices/platform/i8042/serio0/input/input1/event1"
[    28.289] (II) XINPUT: Adding extended input device "AT Translated Set 2 keyboard" (type: KEYBOARD, id 8)
[    28.289] (**) Option "xkb_model" "SKIP"
[    28.289] (**) Option "xkb_layout" "us"
[    28.290] (II) event1  - AT Translated Set 2 keyboard: is tagged by udev as: Keyboard
[    28.290] (II) event1  - AT Translated Set 2 keyboard: device is a keyboard
[    28.290] (II) config/udev: Adding input device VirtualPS/2 VMware VMMouse (/dev/input/event3)
[    28.290] (**) VirtualPS/2 VMware VMMouse: Applying InputClass "libinput pointer catchall"
[    28.290] (II) Using input driver 'libinput' for 'VirtualPS/2 VMware VMMouse'
[    28.291] (II) systemd-logind: got fd for /dev/input/event3 13:67 fd 29 paused 0
[    28.291] (**) VirtualPS/2 VMware VMMouse: always reports core events
[    28.291] (**) Option "Device" "/dev/input/event3"
[    28.291] (**) Option "_source" "server/udev"
[    28.291] (II) event3  - VirtualPS/2 VMware VMMouse: is tagged by udev as: Mouse
[    28.291] (II) event3  - VirtualPS/2 VMware VMMouse: device is a pointer
[    28.291] (II) event3  - VirtualPS/2 VMware VMMouse: device removed
[    28.291] (**) Option "config_info" "udev:/sys/devices/platform/i8042/serio1/input/input3/event3"
[    28.291] (II) XINPUT: Adding extended input device "VirtualPS/2 VMware VMMouse" (type: MOUSE, id 9)
[    28.291] (**) Option "AccelerationScheme" "none"
[    28.291] (**) VirtualPS/2 VMware VMMouse: (accel) selected scheme none/0
[    28.291] (**) VirtualPS/2 VMware VMMouse: (accel) acceleration factor: 2.000
[    28.291] (**) VirtualPS/2 VMware VMMouse: (accel) acceleration threshold: 4
[    28.291] (II) event3  - VirtualPS/2 VMware VMMouse: is tagged by udev as: Mouse
[    28.291] (II) event3  - VirtualPS/2 VMware VMMouse: device is a pointer
[    28.291] (II) config/udev: Adding input device VirtualPS/2 VMware VMMouse (/dev/input/mouse1)
[    28.291] (II) No input driver specified, ignoring this device.
[    28.291] (II) This device may have been added with another device file.
[    28.291] (II) config/udev: Adding input device VirtualPS/2 VMware VMMouse (/dev/input/event2)
[    28.291] (**) VirtualPS/2 VMware VMMouse: Applying InputClass "libinput pointer catchall"
[    28.291] (II) Using input driver 'libinput' for 'VirtualPS/2 VMware VMMouse'
[    28.292] (II) systemd-logind: got fd for /dev/input/event2 13:66 fd 30 paused 0
[    28.292] (**) VirtualPS/2 VMware VMMouse: always reports core events
[    28.292] (**) Option "Device" "/dev/input/event2"
[    28.292] (**) Option "_source" "server/udev"
[    28.292] (II) event2  - VirtualPS/2 VMware VMMouse: is tagged by udev as: Mouse
[    28.292] (II) event2  - VirtualPS/2 VMware VMMouse: device is a pointer
[    28.292] (II) event2  - VirtualPS/2 VMware VMMouse: device removed
[    28.293] (**) Option "config_info" "udev:/sys/devices/platform/i8042/serio1/input/input4/event2"
[    28.293] (II) XINPUT: Adding extended input device "VirtualPS/2 VMware VMMouse" (type: MOUSE, id 10)
[    28.293] (**) Option "AccelerationScheme" "none"
[    28.293] (**) VirtualPS/2 VMware VMMouse: (accel) selected scheme none/0
[    28.293] (**) VirtualPS/2 VMware VMMouse: (accel) acceleration factor: 2.000
[    28.293] (**) VirtualPS/2 VMware VMMouse: (accel) acceleration threshold: 4
[    28.293] (II) event2  - VirtualPS/2 VMware VMMouse: is tagged by udev as: Mouse
[    28.293] (II) event2  - VirtualPS/2 VMware VMMouse: device is a pointer
[    28.293] (II) config/udev: Adding input device VirtualPS/2 VMware VMMouse (/dev/input/mouse0)
[    28.293] (II) No input driver specified, ignoring this device.
[    28.293] (II) This device may have been added with another device file.
[    69.220] (!!) vmware(0): New layout.
[    69.220] (!!) vmware(0): 0: 0 0 1718 926
[    69.220] (!!) vmware(0): 
[ 13955.718] (!!) vmware(0): New layout.
[ 13955.719] (!!) vmware(0): 0: 0 0 1718 908
[ 13955.719] (!!) vmware(0): 
[ 13956.156] (!!) vmware(0): New layout.
[ 13956.156] (!!) vmware(0): 0: 0 0 1718 900
[ 13956.156] (!!) vmware(0): 
[ 13957.522] (!!) vmware(0): New layout.
[ 13957.522] (!!) vmware(0): 0: 0 0 878 1766
[ 13957.522] (!!) vmware(0): 
[ 19468.067] (!!) vmware(0): New layout.
[ 19468.067] (!!) vmware(0): 0: 0 0 1718 926
[ 19468.067] (!!) vmware(0): 
[ 29863.806] (!!) vmware(0): New layout.
[ 29863.816] (!!) vmware(0): 0: 0 0 878 1760
[ 29863.816] (!!) vmware(0): 
[ 29866.268] (!!) vmware(0): New layout.
[ 29866.268] (!!) vmware(0): 0: 0 0 878 1766
[ 29866.268] (!!) vmware(0): 
